This is pdfTeX, Version 3.1415926-2.4-1.40.13 (TeX Live 2012) (format=pdflatex 2012.6.30)  29 AUG 2013 16:27
entering extended mode
 restricted \write18 enabled.
 %&-line parsing enabled.
**sensys10-sample-10pt.tex
(./sensys10-sample-10pt.tex
LaTeX2e <2011/06/27>
Babel <v3.8m> and hyphenation patterns for english, dumylang, nohyphenation, ge
rman-x-2012-05-30, ngerman-x-2012-05-30, afrikaans, ancientgreek, ibycus, arabi
c, armenian, basque, bulgarian, catalan, pinyin, coptic, croatian, czech, danis
h, dutch, ukenglish, usenglishmax, esperanto, estonian, ethiopic, farsi, finnis
h, french, friulan, galician, german, ngerman, swissgerman, monogreek, greek, h
ungarian, icelandic, assamese, bengali, gujarati, hindi, kannada, malayalam, ma
rathi, oriya, panjabi, tamil, telugu, indonesian, interlingua, irish, italian, 
kurmanji, latin, latvian, lithuanian, mongolian, mongolianlmc, bokmal, nynorsk,
 polish, portuguese, romanian, romansh, russian, sanskrit, serbian, serbianc, s
lovak, slovenian, spanish, swedish, turkish, turkmen, ukrainian, uppersorbian, 
welsh, loaded.
(./sigplan-proc-varsize.cls
Document Class: sigplan-proc-varsize 2002/06/21 v1.4 Document Class
(/usr/local/texlive/2012/texmf-dist/tex/latex/base/article.cls
Document Class: article 2007/10/19 v1.4h Standard LaTeX document class
(/usr/local/texlive/2012/texmf-dist/tex/latex/base/size10.clo
File: size10.clo 2007/10/19 v1.4h Standard LaTeX file (size option)
)
\c@part=\count79
\c@section=\count80
\c@subsection=\count81
\c@subsubsection=\count82
\c@paragraph=\count83
\c@subparagraph=\count84
\c@figure=\count85
\c@table=\count86
\abovecaptionskip=\skip41
\belowcaptionskip=\skip42
\bibindent=\dimen102
)
(/usr/local/texlive/2012/texmf-dist/tex/latex/pslatex/pslatex.sty
Package: pslatex 1996/07/24 v1.2 pslatex emulation (DPC)
LaTeX Font Info:    Redeclaring symbol font `operators' on input line 65.
LaTeX Font Info:    Overwriting symbol font `operators' in version `normal'
(Font)                  OT1/cmr/m/n --> OT1/ptmcm/m/n on input line 65.
LaTeX Font Info:    Overwriting symbol font `operators' in version `bold'
(Font)                  OT1/cmr/bx/n --> OT1/ptmcm/m/n on input line 65.
LaTeX Font Info:    Redeclaring symbol font `letters' on input line 66.
LaTeX Font Info:    Overwriting symbol font `letters' in version `normal'
(Font)                  OML/cmm/m/it --> OML/ptmcm/m/it on input line 66.
LaTeX Font Info:    Overwriting symbol font `letters' in version `bold'
(Font)                  OML/cmm/b/it --> OML/ptmcm/m/it on input line 66.
LaTeX Font Info:    Redeclaring symbol font `symbols' on input line 67.
LaTeX Font Info:    Overwriting symbol font `symbols' in version `normal'
(Font)                  OMS/cmsy/m/n --> OMS/pzccm/m/n on input line 67.
LaTeX Font Info:    Overwriting symbol font `symbols' in version `bold'
(Font)                  OMS/cmsy/b/n --> OMS/pzccm/m/n on input line 67.
LaTeX Font Info:    Redeclaring symbol font `largesymbols' on input line 68.
LaTeX Font Info:    Overwriting symbol font `largesymbols' in version `normal'
(Font)                  OMX/cmex/m/n --> OMX/psycm/m/n on input line 68.
LaTeX Font Info:    Overwriting symbol font `largesymbols' in version `bold'
(Font)                  OMX/cmex/m/n --> OMX/psycm/m/n on input line 68.
\symbold=\mathgroup4
\symitalic=\mathgroup5
LaTeX Font Info:    Redeclaring math alphabet \mathbf on input line 74.
LaTeX Font Info:    Overwriting math alphabet `\mathbf' in version `normal'
(Font)                  OT1/cmr/bx/n --> OT1/ptm/bx/n on input line 74.
LaTeX Font Info:    Overwriting math alphabet `\mathbf' in version `bold'
(Font)                  OT1/cmr/bx/n --> OT1/ptm/bx/n on input line 74.
LaTeX Font Info:    Redeclaring math alphabet \mathit on input line 75.
LaTeX Font Info:    Overwriting math alphabet `\mathit' in version `normal'
(Font)                  OT1/cmr/m/it --> OT1/ptm/m/it on input line 75.
LaTeX Font Info:    Overwriting math alphabet `\mathit' in version `bold'
(Font)                  OT1/cmr/bx/it --> OT1/ptm/m/it on input line 75.
)
\aucount=\count87
\originalaucount=\count88
\auwidth=\dimen103
\auskip=\dimen104
\auskipcount=\count89
\auskip=\dimen105
\allauboxes=\dimen106
\addauthors=\toks14
\addauflag=\count90
\subtitletext=\toks15
\titleboxnotes=\toks16
\titleboxnoteflag=\count91
\@acmtitlebox=\box26
\titlenotecount=\count92
\tntoks=\toks17
\tntokstwo=\toks18
\tntoksthree=\toks19
\tntoksfour=\toks20
\tntoksfive=\toks21
\catcount=\count93
\copyrightnotice=\toks22
)
(/usr/local/texlive/2012/texmf-dist/tex/latex/graphics/graphicx.sty
Package: graphicx 1999/02/16 v1.0f Enhanced LaTeX Graphics (DPC,SPQR)

(/usr/local/texlive/2012/texmf-dist/tex/latex/graphics/keyval.sty
Package: keyval 1999/03/16 v1.13 key=value parser (DPC)
\KV@toks@=\toks23
)
(/usr/local/texlive/2012/texmf-dist/tex/latex/graphics/graphics.sty
Package: graphics 2009/02/05 v1.0o Standard LaTeX Graphics (DPC,SPQR)

(/usr/local/texlive/2012/texmf-dist/tex/latex/graphics/trig.sty
Package: trig 1999/03/16 v1.09 sin cos tan (DPC)
)
(/usr/local/texlive/2012/texmf-dist/tex/latex/latexconfig/graphics.cfg
File: graphics.cfg 2010/04/23 v1.9 graphics configuration of TeX Live
)
Package graphics Info: Driver file: pdftex.def on input line 91.

(/usr/local/texlive/2012/texmf-dist/tex/latex/pdftex-def/pdftex.def
File: pdftex.def 2011/05/27 v0.06d Graphics/color for pdfTeX

(/usr/local/texlive/2012/texmf-dist/tex/generic/oberdiek/infwarerr.sty
Package: infwarerr 2010/04/08 v1.3 Providing info/warning/error messages (HO)
)
(/usr/local/texlive/2012/texmf-dist/tex/generic/oberdiek/ltxcmds.sty
Package: ltxcmds 2011/11/09 v1.22 LaTeX kernel commands for general use (HO)
)
\Gread@gobject=\count94
))
\Gin@req@height=\dimen107
\Gin@req@width=\dimen108
)
(/usr/local/texlive/2012/texmf-dist/tex/latex/url/url.sty
\Urlmuskip=\muskip10
Package: url 2006/04/12  ver 3.3  Verb mode for urls, etc.
)
(./sensys10-sample-10pt.aux)
\openout1 = `sensys10-sample-10pt.aux'.

LaTeX Font Info:    Checking defaults for OML/cmm/m/it on input line 48.
LaTeX Font Info:    ... okay on input line 48.
LaTeX Font Info:    Checking defaults for T1/cmr/m/n on input line 48.
LaTeX Font Info:    ... okay on input line 48.
LaTeX Font Info:    Checking defaults for OT1/cmr/m/n on input line 48.
LaTeX Font Info:    ... okay on input line 48.
LaTeX Font Info:    Checking defaults for OMS/pzccm/m/n on input line 48.
LaTeX Font Info:    Try loading font information for OMS+pzccm on input line 48
.

(/usr/local/texlive/2012/texmf-dist/tex/latex/psnfss/omspzccm.fd
File: omspzccm.fd 2000/01/03 Fontinst v1.801 font definitions for OMS/pzccm.
)
LaTeX Font Info:    ... okay on input line 48.
LaTeX Font Info:    Checking defaults for OMX/cmex/m/n on input line 48.
LaTeX Font Info:    ... okay on input line 48.
LaTeX Font Info:    Checking defaults for U/cmr/m/n on input line 48.
LaTeX Font Info:    ... okay on input line 48.

(/usr/local/texlive/2012/texmf-dist/tex/context/base/supp-pdf.mkii
[Loading MPS to PDF converter (version 2006.09.02).]
\scratchcounter=\count95
\scratchdimen=\dimen109
\scratchbox=\box27
\nofMPsegments=\count96
\nofMParguments=\count97
\everyMPshowfont=\toks24
\MPscratchCnt=\count98
\MPscratchDim=\dimen110
\MPnumerator=\count99
\makeMPintoPDFobject=\count100
\everyMPtoPDFconversion=\toks25
) (/usr/local/texlive/2012/texmf-dist/tex/generic/oberdiek/pdftexcmds.sty
Package: pdftexcmds 2011/11/29 v0.20 Utility functions of pdfTeX for LuaTeX (HO
)

(/usr/local/texlive/2012/texmf-dist/tex/generic/oberdiek/ifluatex.sty
Package: ifluatex 2010/03/01 v1.3 Provides the ifluatex switch (HO)
Package ifluatex Info: LuaTeX not detected.
)
(/usr/local/texlive/2012/texmf-dist/tex/generic/oberdiek/ifpdf.sty
Package: ifpdf 2011/01/30 v2.3 Provides the ifpdf switch (HO)
Package ifpdf Info: pdfTeX in PDF mode is detected.
)
Package pdftexcmds Info: LuaTeX not detected.
Package pdftexcmds Info: \pdf@primitive is available.
Package pdftexcmds Info: \pdf@ifprimitive is available.
Package pdftexcmds Info: \pdfdraftmode found.
)
(/usr/local/texlive/2012/texmf-dist/tex/latex/oberdiek/epstopdf-base.sty
Package: epstopdf-base 2010/02/09 v2.5 Base part for package epstopdf

(/usr/local/texlive/2012/texmf-dist/tex/latex/oberdiek/grfext.sty
Package: grfext 2010/08/19 v1.1 Manage graphics extensions (HO)

(/usr/local/texlive/2012/texmf-dist/tex/generic/oberdiek/kvdefinekeys.sty
Package: kvdefinekeys 2011/04/07 v1.3 Define keys (HO)
))
(/usr/local/texlive/2012/texmf-dist/tex/latex/oberdiek/kvoptions.sty
Package: kvoptions 2011/06/30 v3.11 Key value format for package options (HO)

(/usr/local/texlive/2012/texmf-dist/tex/generic/oberdiek/kvsetkeys.sty
Package: kvsetkeys 2012/04/25 v1.16 Key value parser (HO)

(/usr/local/texlive/2012/texmf-dist/tex/generic/oberdiek/etexcmds.sty
Package: etexcmds 2011/02/16 v1.5 Avoid name clashes with e-TeX commands (HO)
Package etexcmds Info: Could not find \expanded.
(etexcmds)             That can mean that you are not using pdfTeX 1.50 or
(etexcmds)             that some package has redefined \expanded.
(etexcmds)             In the latter case, load this package earlier.
)))
Package grfext Info: Graphics extension search list:
(grfext)             [.png,.pdf,.jpg,.mps,.jpeg,.jbig2,.jb2,.PNG,.PDF,.JPG,.JPE
G,.JBIG2,.JB2,.eps]
(grfext)             \AppendGraphicsExtensions on input line 452.

(/usr/local/texlive/2012/texmf-dist/tex/latex/latexconfig/epstopdf-sys.cfg
File: epstopdf-sys.cfg 2010/07/13 v1.3 Configuration of (r)epstopdf for TeX Liv
e
))
LaTeX Font Info:    Font shape `OT1/phv/m/n' will be
(Font)              scaled to size 8.99994pt on input line 50.
LaTeX Font Info:    Font shape `OT1/phv/bx/n' in size <10> not available
(Font)              Font shape `OT1/phv/b/n' tried instead on input line 50.
LaTeX Font Info:    Font shape `OT1/phv/b/n' will be
(Font)              scaled to size 8.99994pt on input line 50.
LaTeX Font Info:    Font shape `OT1/phv/bx/n' in size <18> not available
(Font)              Font shape `OT1/phv/b/n' tried instead on input line 50.
LaTeX Font Info:    Font shape `OT1/phv/b/n' will be
(Font)              scaled to size 16.19989pt on input line 50.
LaTeX Font Info:    Font shape `OT1/phv/m/n' will be
(Font)              scaled to size 12.59991pt on input line 50.
LaTeX Font Info:    Font shape `OT1/phv/m/n' will be
(Font)              scaled to size 10.79993pt on input line 50.
LaTeX Font Info:    Try loading font information for OT1+ptmcm on input line 50
.

(/usr/local/texlive/2012/texmf-dist/tex/latex/psnfss/ot1ptmcm.fd
File: ot1ptmcm.fd 2000/01/03 Fontinst v1.801 font definitions for OT1/ptmcm.
)
LaTeX Font Info:    Try loading font information for OML+ptmcm on input line 50
.

(/usr/local/texlive/2012/texmf-dist/tex/latex/psnfss/omlptmcm.fd
File: omlptmcm.fd 2000/01/03 Fontinst v1.801 font definitions for OML/ptmcm.
)
LaTeX Font Info:    Try loading font information for OMX+psycm on input line 50
.

(/usr/local/texlive/2012/texmf-dist/tex/latex/psnfss/omxpsycm.fd
File: omxpsycm.fd 2000/01/03 Fontinst v1.801 font definitions for OMX/psycm.
)
LaTeX Font Info:    Font shape `OT1/ptm/bx/n' in size <12> not available
(Font)              Font shape `OT1/ptm/b/n' tried instead on input line 50.
LaTeX Font Info:    Font shape `OT1/ptm/bx/n' in size <9> not available
(Font)              Font shape `OT1/ptm/b/n' tried instead on input line 50.
LaTeX Font Info:    Font shape `OT1/ptm/bx/n' in size <7> not available
(Font)              Font shape `OT1/ptm/b/n' tried instead on input line 50.
LaTeX Font Info:    Font shape `OT1/ptm/bx/n' in size <10> not available
(Font)              Font shape `OT1/ptm/b/n' tried instead on input line 63.

Underfull \hbox (badness 2980) in paragraph at lines 64--65
[]\OT1/ptm/m/n/10 Fault Lo-cal-iza-tion, Com-mu-ni-ca-tion Net-works, Root
 []

Missing character: There is no â in font ptmr7t!
Missing character: There is no € in font ptmr7t!
Missing character: There is no ” in font ptmr7t!
LaTeX Font Info:    Font shape `OMS/ptm/m/n' in size <10> not available
(Font)              Font shape `OMS/pzccm/m/n' tried instead on input line 98.
[1{/usr/local/texlive/2012/texmf-var/fonts/map/pdftex/updmap/pdftex.map}


]
<Fig1.jpg, id=11, 353.67531pt x 243.03186pt>
File: Fig1.jpg Graphic file (type jpg)
 <use Fig1.jpg>
Package pdftex.def Info: Fig1.jpg used on input line 110.
(pdftex.def)             Requested size: 252.94499pt x 173.81467pt.

Overfull \hbox (11.9246pt too wide) in paragraph at lines 110--111
 [][] 
 []

<Fig2.jpg, id=12, 281.4053pt x 186.7508pt>
File: Fig2.jpg Graphic file (type jpg)
 <use Fig2.jpg>
Package pdftex.def Info: Fig2.jpg used on input line 141.
(pdftex.def)             Requested size: 252.94499pt x 167.86899pt.

Overfull \hbox (11.9246pt too wide) in paragraph at lines 141--142
 [][] 
 []

[2 <./Fig1.jpg> <./Fig2.jpg>]
<Traffic_Analyzer.png, id=16, 643.40375pt x 434.62375pt>
File: Traffic_Analyzer.png Graphic file (type png)

<use Traffic_Analyzer.png>
Package pdftex.def Info: Traffic_Analyzer.png used on input line 198.
(pdftex.def)             Requested size: 252.94499pt x 170.86873pt.

Overfull \hbox (11.9246pt too wide) in paragraph at lines 198--199
 [][] 
 []


Underfull \hbox (badness 1275) in paragraph at lines 204--206
\OT1/ptm/m/n/10 is car-ried over the web-ser-vices which are de-signed in
 []


Underfull \hbox (badness 2088) in paragraph at lines 204--206
\OT1/ptm/m/n/10 Run-time for eas-ily build-ing fast scal-able net-work ap-
 []


Underfull \hbox (badness 1194) in paragraph at lines 204--206
\OT1/ptm/m/n/10 pli-ca-tions. NodeJs uses an event-driven, non-blocking
 []


Underfull \hbox (badness 1067) in paragraph at lines 204--206
\OT1/ptm/m/n/10 are built into the node plat-form. The REST Web-ser-
 []


Underfull \hbox (badness 10000) in paragraph at lines 204--206
\OT1/ptm/m/n/10 http://trafficanalyzer.gsu.edu/user/123456/updatelocation).
 []


Underfull \hbox (badness 10000) in paragraph at lines 204--206
\OT1/ptm/m/n/10 ex-am-ple("facebookid":1432214523423,"firstname":"vijay",
 []

[3 <./Traffic_Analyzer.png>]
LaTeX Font Info:    Font shape `OT1/ptm/bx/n' in size <7.4> not available
(Font)              Font shape `OT1/ptm/b/n' tried instead on input line 223.
LaTeX Font Info:    Font shape `OT1/ptm/bx/n' in size <6> not available
(Font)              Font shape `OT1/ptm/b/n' tried instead on input line 223.

Underfull \hbox (badness 10000) in paragraph at lines 227--228
[]\OT1/ptm/m/n/10 Standard
 []


Underfull \hbox (badness 10000) in paragraph at lines 227--228
\OT1/ptm/m/n/10 ac-cu-racy
 []


Underfull \hbox (badness 10000) in paragraph at lines 227--228
\OT1/ptm/m/n/10 in-tended for
 []


Underfull \hbox (badness 10000) in paragraph at lines 227--228
\OT1/ptm/m/n/10 nav-i-ga-tional
 []


Underfull \hbox (badness 10000) in paragraph at lines 228--229
[]\OT1/ptm/m/n/10 Use high-est
 []


Underfull \hbox (badness 10000) in paragraph at lines 228--229
\OT1/ptm/m/n/10 ac-cu-racy
 []


Underfull \hbox (badness 10000) in paragraph at lines 230--231
[]\OT1/ptm/m/n/10 100 me-ters
 []


Underfull \hbox (badness 10000) in paragraph at lines 231--232
[]\OT1/ptm/m/n/10 Accuracy
 []


Underfull \hbox (badness 10000) in paragraph at lines 232--233
[]\OT1/ptm/m/n/10 Accuracy
 []


Overfull \hbox (7.08376pt too wide) in paragraph at lines 223--236
 [][] 
 []

<address.png, id=22, 359.3425pt x 713.66624pt>
File: address.png Graphic file (type png)
 <use address.png>
Package pdftex.def Info: address.png used on input line 245.
(pdftex.def)             Requested size: 143.73445pt x 285.46143pt.

<CalcRoute.png, id=23, 359.3425pt x 711.65875pt>
File: CalcRoute.png Graphic file (type png)
 <use CalcRoute.png>
Package pdftex.def Info: CalcRoute.png used on input line 251.
(pdftex.def)             Requested size: 143.73445pt x 284.65845pt.


LaTeX Warning: `!h' float specifier changed to `!ht'.

<RoutePrep.png, id=24, 372.39125pt x 720.6925pt>
File: RoutePrep.png Graphic file (type png)
 <use RoutePrep.png>
Package pdftex.def Info: RoutePrep.png used on input line 257.
(pdftex.def)             Requested size: 148.95386pt x 288.2719pt.


LaTeX Warning: `!h' float specifier changed to `!ht'.

[4 <./address.png>] <traffic.png, id=30, 354.32375pt x 713.66624pt>
File: traffic.png Graphic file (type png)

<use traffic.png>
Package pdftex.def Info: traffic.png used on input line 275.
(pdftex.def)             Requested size: 141.72697pt x 285.46143pt.


LaTeX Warning: `!h' float specifier changed to `!ht'.

[5 <./CalcRoute.png> <./RoutePrep.png>] (./sensys10-sample-10pt.bbl
Missing character: There is no â in font ptmr7t!
Missing character: There is no € in font ptmr7t!
Missing character: There is no “ in font ptmr7t!
Missing character: There is no â in font ptmr7t!
Missing character: There is no € in font ptmr7t!
Missing character: There is no “ in font ptmr7t!
Missing character: There is no â in font ptmr7t!
Missing character: There is no € in font ptmr7t!
Missing character: There is no “ in font ptmr7t!
Missing character: There is no â in font ptmr7t!
Missing character: There is no € in font ptmr7t!
Missing character: There is no “ in font ptmr7t!
Missing character: There is no â in font ptmr7t!
Missing character: There is no „ in font ptmr7t!
Missing character: There is no ¢ in font ptmr7t!
Missing character: There is no â in font ptmr7t!
Missing character: There is no € in font ptmr7t!
Missing character: There is no “ in font ptmr7t!
Missing character: There is no â in font ptmr7t!
Missing character: There is no € in font ptmr7t!
Missing character: There is no “ in font ptmr7t!
Missing character: There is no â in font ptmr7t!
Missing character: There is no € in font ptmr7t!
Missing character: There is no ™ in font ptmr7t!
Missing character: There is no â in font ptmr7t!
Missing character: There is no € in font ptmr7t!
Missing character: There is no “ in font ptmr7t!
Missing character: There is no â in font ptmr7t!
Missing character: There is no € in font ptmr7t!
Missing character: There is no ™ in font ptmr7t!
Missing character: There is no â in font ptmr7t!
Missing character: There is no € in font ptmr7t!
Missing character: There is no “ in font ptmr7t!
Missing character: There is no â in font ptmr7t!
Missing character: There is no € in font ptmr7t!
Missing character: There is no “ in font ptmr7t!
 [6 <./traffic.png>]
Missing character: There is no Ã in font ptmr7t!
Missing character: There is no ¤ in font ptmr7t!
Missing character: There is no â in font ptmr7t!
Missing character: There is no € in font ptmr7t!
Missing character: There is no “ in font ptmr7t!
Missing character: There is no Ã in font ptmr7t!
Missing character: There is no ¤ in font ptmr7t!
Missing character: There is no â in font ptmr7t!
Missing character: There is no € in font ptmr7t!
Missing character: There is no “ in font ptmr7t!
Missing character: There is no Ã in font ptmr7t!
Missing character: There is no ¤ in font ptmr7t!
Missing character: There is no â in font ptmr7t!
Missing character: There is no € in font ptmr7t!
Missing character: There is no “ in font ptmr7t!
Missing character: There is no â in font ptmr7t!
Missing character: There is no € in font ptmr7t!
Missing character: There is no “ in font ptmr7t!

Underfull \hbox (badness 1721) in paragraph at lines 94--97
\OT1/ptm/m/n/10 er-a-tions and Man-age-ment, Uni-ver-sity of Delaware,
 []

Missing character: There is no â in font ptmr7t!
Missing character: There is no € in font ptmr7t!
Missing character: There is no “ in font ptmr7t!
) [7

] (./sensys10-sample-10pt.aux) ) 
Here is how much of TeX's memory you used:
 1988 strings out of 493488
 28373 string characters out of 3141326
 87463 words of memory out of 3000000
 5254 multiletter control sequences out of 15000+200000
 39544 words of font info for 77 fonts, out of 3000000 for 9000
 957 hyphenation exceptions out of 8191
 37i,10n,23p,1288b,315s stack positions out of 5000i,500n,10000p,200000b,50000s
{/usr/local/texlive/2012/texmf-dist/fonts/enc/d
vips/base/8r.enc}</usr/local/texlive/2012/texmf-dist/fonts/type1/public/amsfont
s/cm/cmr10.pfb></usr/local/texlive/2012/texmf-dist/fonts/type1/public/amsfonts/
cm/cmsy10.pfb></usr/local/texlive/2012/texmf-dist/fonts/type1/urw/helvetic/uhvb
8a.pfb></usr/local/texlive/2012/texmf-dist/fonts/type1/urw/helvetic/uhvr8a.pfb>
</usr/local/texlive/2012/texmf-dist/fonts/type1/urw/times/utmb8a.pfb></usr/loca
l/texlive/2012/texmf-dist/fonts/type1/urw/times/utmr8a.pfb></usr/local/texlive/
2012/texmf-dist/fonts/type1/urw/times/utmri8a.pfb>
Output written on sensys10-sample-10pt.pdf (7 pages, 920880 bytes).
PDF statistics:
 70 PDF objects out of 1000 (max. 8388607)
 41 compressed objects within 1 object stream
 0 named destinations out of 1000 (max. 500000)
 36 words of extra memory for PDF output out of 10000 (max. 10000000)

